<?xml version="1.0" encoding="UTF-8"?>
<!-- Generated by org.testng.reporters.JUnitXMLReporter -->
<testsuite hostname="DESKTOP-3H2NKNV" ignored="1" name="Test" tests="2" failures="0" timestamp="03 Feb 2020 15:06:42 GMT" time="85.515" errors="0">
  <testcase name="cus" time="23.519" classname="test.Testcustomer"/>
  <testcase name="workon" time="30.66" classname="test.Testwork"/>
  <testcase name="login" time="0.0" classname="test.Testlogin">
    <ignored/>
  </testcase> <!-- login -->
</testsuite> <!-- Test -->
